[0.798s] Invoking command in '/home/hacker/ros2_fws/src/new_package': PYTHONPATH=/home/hacker/ros2_fws/build/new_package/prefix_override:/usr/lib/python3/dist-packages/colcon_core/task/python/colcon_distutils_commands:/home/hacker/ros2_fws/install/new_package/lib/python3.10/site-packages:${PYTHONPATH} /usr/bin/python3 -W ignore:setup.py install is deprecated -W ignore:easy_install command is deprecated setup.py egg_info --egg-base ../../build/new_package build --build-base /home/hacker/ros2_fws/build/new_package/build install --record /home/hacker/ros2_fws/build/new_package/install.log --single-version-externally-managed install_data
[0.981s] running egg_info
[0.982s] writing ../../build/new_package/new_package.egg-info/PKG-INFO
[0.983s] writing dependency_links to ../../build/new_package/new_package.egg-info/dependency_links.txt
[0.983s] writing entry points to ../../build/new_package/new_package.egg-info/entry_points.txt
[0.983s] writing requirements to ../../build/new_package/new_package.egg-info/requires.txt
[0.983s] writing top-level names to ../../build/new_package/new_package.egg-info/top_level.txt
[0.984s] reading manifest file '../../build/new_package/new_package.egg-info/SOURCES.txt'
[0.985s] adding license file 'LICENSE'
[0.986s] writing manifest file '../../build/new_package/new_package.egg-info/SOURCES.txt'
[0.986s] running build
[0.986s] running build_py
[0.986s] copying new_package/services/valve_service.py -> /home/hacker/ros2_fws/build/new_package/build/lib/new_package/services
[0.987s] running install
[0.987s] running install_lib
[0.988s] copying /home/hacker/ros2_fws/build/new_package/build/lib/new_package/services/valve_service.py -> /home/hacker/ros2_fws/install/new_package/lib/python3.10/site-packages/new_package/services
[0.988s] byte-compiling /home/hacker/ros2_fws/install/new_package/lib/python3.10/site-packages/new_package/services/valve_service.py to valve_service.cpython-310.pyc
[0.989s] running install_data
[0.989s] running install_egg_info
[0.991s] removing '/home/hacker/ros2_fws/install/new_package/lib/python3.10/site-packages/new_package-0.0.0-py3.10.egg-info' (and everything under it)
[0.991s] Copying ../../build/new_package/new_package.egg-info to /home/hacker/ros2_fws/install/new_package/lib/python3.10/site-packages/new_package-0.0.0-py3.10.egg-info
[0.993s] running install_scripts
[1.009s] Installing DHT script to /home/hacker/ros2_fws/install/new_package/lib/new_package
[1.009s] Installing hello script to /home/hacker/ros2_fws/install/new_package/lib/new_package
[1.009s] Installing pump_call script to /home/hacker/ros2_fws/install/new_package/lib/new_package
[1.010s] Installing servo_call script to /home/hacker/ros2_fws/install/new_package/lib/new_package
[1.010s] Installing soilData script to /home/hacker/ros2_fws/install/new_package/lib/new_package
[1.010s] Installing subscriber script to /home/hacker/ros2_fws/install/new_package/lib/new_package
[1.010s] Installing valve_call script to /home/hacker/ros2_fws/install/new_package/lib/new_package
[1.010s] Installing waterFlow script to /home/hacker/ros2_fws/install/new_package/lib/new_package
[1.010s] writing list of installed files to '/home/hacker/ros2_fws/build/new_package/install.log'
[1.047s] Invoked command in '/home/hacker/ros2_fws/src/new_package' returned '0': PYTHONPATH=/home/hacker/ros2_fws/build/new_package/prefix_override:/usr/lib/python3/dist-packages/colcon_core/task/python/colcon_distutils_commands:/home/hacker/ros2_fws/install/new_package/lib/python3.10/site-packages:${PYTHONPATH} /usr/bin/python3 -W ignore:setup.py install is deprecated -W ignore:easy_install command is deprecated setup.py egg_info --egg-base ../../build/new_package build --build-base /home/hacker/ros2_fws/build/new_package/build install --record /home/hacker/ros2_fws/build/new_package/install.log --single-version-externally-managed install_data
