[0.754s] Invoking command in '/home/hacker/ros2_fws/src/new_package': PYTHONPATH=/home/hacker/ros2_fws/build/new_package/prefix_override:/usr/lib/python3/dist-packages/colcon_core/task/python/colcon_distutils_commands:/home/hacker/ros2_fws/install/new_package/lib/python3.10/site-packages:${PYTHONPATH} /usr/bin/python3 -W ignore:setup.py install is deprecated -W ignore:easy_install command is deprecated setup.py egg_info --egg-base ../../build/new_package build --build-base /home/hacker/ros2_fws/build/new_package/build install --record /home/hacker/ros2_fws/build/new_package/install.log --single-version-externally-managed install_data
[0.937s] running egg_info
[0.938s] writing ../../build/new_package/new_package.egg-info/PKG-INFO
[0.944s] writing dependency_links to ../../build/new_package/new_package.egg-info/dependency_links.txt
[0.944s] writing entry points to ../../build/new_package/new_package.egg-info/entry_points.txt
[0.944s] writing requirements to ../../build/new_package/new_package.egg-info/requires.txt
[0.944s] writing top-level names to ../../build/new_package/new_package.egg-info/top_level.txt
[0.948s] reading manifest file '../../build/new_package/new_package.egg-info/SOURCES.txt'
[0.949s] adding license file 'LICENSE'
[0.950s] writing manifest file '../../build/new_package/new_package.egg-info/SOURCES.txt'
[0.950s] running build
[0.950s] running build_py
[0.951s] running install
[0.951s] running install_lib
[0.955s] running install_data
[0.955s] running install_egg_info
[0.960s] removing '/home/hacker/ros2_fws/install/new_package/lib/python3.10/site-packages/new_package-0.0.0-py3.10.egg-info' (and everything under it)
[0.965s] Copying ../../build/new_package/new_package.egg-info to /home/hacker/ros2_fws/install/new_package/lib/python3.10/site-packages/new_package-0.0.0-py3.10.egg-info
[0.968s] running install_scripts
[1.028s] Installing DHT_publisher script to /home/hacker/ros2_fws/install/new_package/lib/new_package
[1.028s] Installing hello script to /home/hacker/ros2_fws/install/new_package/lib/new_package
[1.029s] Installing servo_call script to /home/hacker/ros2_fws/install/new_package/lib/new_package
[1.030s] Installing soilData_publisher script to /home/hacker/ros2_fws/install/new_package/lib/new_package
[1.031s] Installing subscriber script to /home/hacker/ros2_fws/install/new_package/lib/new_package
[1.031s] Installing waterFlow_publisher script to /home/hacker/ros2_fws/install/new_package/lib/new_package
[1.031s] writing list of installed files to '/home/hacker/ros2_fws/build/new_package/install.log'
[1.057s] Invoked command in '/home/hacker/ros2_fws/src/new_package' returned '0': PYTHONPATH=/home/hacker/ros2_fws/build/new_package/prefix_override:/usr/lib/python3/dist-packages/colcon_core/task/python/colcon_distutils_commands:/home/hacker/ros2_fws/install/new_package/lib/python3.10/site-packages:${PYTHONPATH} /usr/bin/python3 -W ignore:setup.py install is deprecated -W ignore:easy_install command is deprecated setup.py egg_info --egg-base ../../build/new_package build --build-base /home/hacker/ros2_fws/build/new_package/build install --record /home/hacker/ros2_fws/build/new_package/install.log --single-version-externally-managed install_data
