[0.843s] Invoking command in '/home/hacker/ros2_fws/src/new_package': PYTHONPATH=/home/hacker/ros2_fws/build/new_package/prefix_override:/usr/lib/python3/dist-packages/colcon_core/task/python/colcon_distutils_commands:/home/hacker/ros2_fws/install/new_package/lib/python3.10/site-packages: /usr/bin/python3 -W ignore:setup.py install is deprecated -W ignore:easy_install command is deprecated setup.py egg_info --egg-base ../../build/new_package build --build-base /home/hacker/ros2_fws/build/new_package/build install --record /home/hacker/ros2_fws/build/new_package/install.log --single-version-externally-managed install_data
[0.977s] running egg_info
[0.978s] writing ../../build/new_package/new_package.egg-info/PKG-INFO
[0.979s] writing dependency_links to ../../build/new_package/new_package.egg-info/dependency_links.txt
[0.980s] writing entry points to ../../build/new_package/new_package.egg-info/entry_points.txt
[0.980s] writing requirements to ../../build/new_package/new_package.egg-info/requires.txt
[0.980s] writing top-level names to ../../build/new_package/new_package.egg-info/top_level.txt
[0.982s] reading manifest file '../../build/new_package/new_package.egg-info/SOURCES.txt'
[0.983s] adding license file 'LICENSE'
[0.984s] writing manifest file '../../build/new_package/new_package.egg-info/SOURCES.txt'
[0.984s] running build
[0.984s] running build_py
[0.984s] creating /home/hacker/ros2_fws/build/new_package/build/lib/new_package/sensors
[0.985s] copying new_package/sensors/dht_data_publisher.py -> /home/hacker/ros2_fws/build/new_package/build/lib/new_package/sensors
[0.990s] copying new_package/sensors/__init__.py -> /home/hacker/ros2_fws/build/new_package/build/lib/new_package/sensors
[0.990s] copying new_package/sensors/soil_data_publisher.py -> /home/hacker/ros2_fws/build/new_package/build/lib/new_package/sensors
[0.991s] copying new_package/sensors/waterFlow_publisher.py -> /home/hacker/ros2_fws/build/new_package/build/lib/new_package/sensors
[0.992s] copying new_package/sensors/waterPressure_publisher.py -> /home/hacker/ros2_fws/build/new_package/build/lib/new_package/sensors
[0.992s] creating /home/hacker/ros2_fws/build/new_package/build/lib/new_package/services
[0.993s] copying new_package/services/pump_service.py -> /home/hacker/ros2_fws/build/new_package/build/lib/new_package/services
[0.993s] copying new_package/services/__init__.py -> /home/hacker/ros2_fws/build/new_package/build/lib/new_package/services
[0.993s] copying new_package/services/servo_service.py -> /home/hacker/ros2_fws/build/new_package/build/lib/new_package/services
[0.994s] copying new_package/services/valve_service.py -> /home/hacker/ros2_fws/build/new_package/build/lib/new_package/services
[0.994s] running install
[0.995s] running install_lib
[0.995s] creating /home/hacker/ros2_fws/install/new_package/lib/python3.10/site-packages/new_package/sensors
[0.996s] copying /home/hacker/ros2_fws/build/new_package/build/lib/new_package/sensors/dht_data_publisher.py -> /home/hacker/ros2_fws/install/new_package/lib/python3.10/site-packages/new_package/sensors
[0.996s] copying /home/hacker/ros2_fws/build/new_package/build/lib/new_package/sensors/__init__.py -> /home/hacker/ros2_fws/install/new_package/lib/python3.10/site-packages/new_package/sensors
[0.996s] copying /home/hacker/ros2_fws/build/new_package/build/lib/new_package/sensors/soil_data_publisher.py -> /home/hacker/ros2_fws/install/new_package/lib/python3.10/site-packages/new_package/sensors
[0.997s] copying /home/hacker/ros2_fws/build/new_package/build/lib/new_package/sensors/waterFlow_publisher.py -> /home/hacker/ros2_fws/install/new_package/lib/python3.10/site-packages/new_package/sensors
[0.997s] copying /home/hacker/ros2_fws/build/new_package/build/lib/new_package/sensors/waterPressure_publisher.py -> /home/hacker/ros2_fws/install/new_package/lib/python3.10/site-packages/new_package/sensors
[0.997s] creating /home/hacker/ros2_fws/install/new_package/lib/python3.10/site-packages/new_package/services
[0.997s] copying /home/hacker/ros2_fws/build/new_package/build/lib/new_package/services/pump_service.py -> /home/hacker/ros2_fws/install/new_package/lib/python3.10/site-packages/new_package/services
[0.997s] copying /home/hacker/ros2_fws/build/new_package/build/lib/new_package/services/__init__.py -> /home/hacker/ros2_fws/install/new_package/lib/python3.10/site-packages/new_package/services
[0.997s] copying /home/hacker/ros2_fws/build/new_package/build/lib/new_package/services/servo_service.py -> /home/hacker/ros2_fws/install/new_package/lib/python3.10/site-packages/new_package/services
[0.997s] copying /home/hacker/ros2_fws/build/new_package/build/lib/new_package/services/valve_service.py -> /home/hacker/ros2_fws/install/new_package/lib/python3.10/site-packages/new_package/services
[0.998s] byte-compiling /home/hacker/ros2_fws/install/new_package/lib/python3.10/site-packages/new_package/sensors/dht_data_publisher.py to dht_data_publisher.cpython-310.pyc
[0.999s] byte-compiling /home/hacker/ros2_fws/install/new_package/lib/python3.10/site-packages/new_package/sensors/__init__.py to __init__.cpython-310.pyc
[0.999s] byte-compiling /home/hacker/ros2_fws/install/new_package/lib/python3.10/site-packages/new_package/sensors/soil_data_publisher.py to soil_data_publisher.cpython-310.pyc
[0.999s] byte-compiling /home/hacker/ros2_fws/install/new_package/lib/python3.10/site-packages/new_package/sensors/waterFlow_publisher.py to waterFlow_publisher.cpython-310.pyc
[1.000s] byte-compiling /home/hacker/ros2_fws/install/new_package/lib/python3.10/site-packages/new_package/sensors/waterPressure_publisher.py to waterPressure_publisher.cpython-310.pyc
[1.000s] byte-compiling /home/hacker/ros2_fws/install/new_package/lib/python3.10/site-packages/new_package/services/pump_service.py to pump_service.cpython-310.pyc
[1.001s] byte-compiling /home/hacker/ros2_fws/install/new_package/lib/python3.10/site-packages/new_package/services/__init__.py to __init__.cpython-310.pyc
[1.001s] byte-compiling /home/hacker/ros2_fws/install/new_package/lib/python3.10/site-packages/new_package/services/servo_service.py to servo_service.cpython-310.pyc
[1.001s] byte-compiling /home/hacker/ros2_fws/install/new_package/lib/python3.10/site-packages/new_package/services/valve_service.py to valve_service.cpython-310.pyc
[1.002s] running install_data
[1.002s] running install_egg_info
[1.003s] removing '/home/hacker/ros2_fws/install/new_package/lib/python3.10/site-packages/new_package-0.0.0-py3.10.egg-info' (and everything under it)
[1.006s] Copying ../../build/new_package/new_package.egg-info to /home/hacker/ros2_fws/install/new_package/lib/python3.10/site-packages/new_package-0.0.0-py3.10.egg-info
[1.008s] running install_scripts
[1.035s] Installing DHT_publisher script to /home/hacker/ros2_fws/install/new_package/lib/new_package
[1.036s] Installing hello script to /home/hacker/ros2_fws/install/new_package/lib/new_package
[1.036s] Installing pump_call script to /home/hacker/ros2_fws/install/new_package/lib/new_package
[1.037s] Installing servo_call script to /home/hacker/ros2_fws/install/new_package/lib/new_package
[1.037s] Installing soilData_publisher script to /home/hacker/ros2_fws/install/new_package/lib/new_package
[1.037s] Installing subscriber script to /home/hacker/ros2_fws/install/new_package/lib/new_package
[1.037s] Installing valve_call script to /home/hacker/ros2_fws/install/new_package/lib/new_package
[1.037s] Installing waterFlow_publisher script to /home/hacker/ros2_fws/install/new_package/lib/new_package
[1.038s] writing list of installed files to '/home/hacker/ros2_fws/build/new_package/install.log'
[1.065s] Invoked command in '/home/hacker/ros2_fws/src/new_package' returned '0': PYTHONPATH=/home/hacker/ros2_fws/build/new_package/prefix_override:/usr/lib/python3/dist-packages/colcon_core/task/python/colcon_distutils_commands:/home/hacker/ros2_fws/install/new_package/lib/python3.10/site-packages: /usr/bin/python3 -W ignore:setup.py install is deprecated -W ignore:easy_install command is deprecated setup.py egg_info --egg-base ../../build/new_package build --build-base /home/hacker/ros2_fws/build/new_package/build install --record /home/hacker/ros2_fws/build/new_package/install.log --single-version-externally-managed install_data
