/home/hacker/ros2_fws/install/new_package/lib/python3.10/site-packages/new_package/subscribe_data.py
/home/hacker/ros2_fws/install/new_package/lib/python3.10/site-packages/new_package/irrigation.py
/home/hacker/ros2_fws/install/new_package/lib/python3.10/site-packages/new_package/__init__.py
/home/hacker/ros2_fws/install/new_package/lib/python3.10/site-packages/new_package/hello.py
/home/hacker/ros2_fws/install/new_package/lib/python3.10/site-packages/new_package/RestApi.py
/home/hacker/ros2_fws/install/new_package/lib/python3.10/site-packages/new_package/sensors/dht_data_publisher.py
/home/hacker/ros2_fws/install/new_package/lib/python3.10/site-packages/new_package/sensors/__init__.py
/home/hacker/ros2_fws/install/new_package/lib/python3.10/site-packages/new_package/sensors/soil_data_publisher.py
/home/hacker/ros2_fws/install/new_package/lib/python3.10/site-packages/new_package/sensors/waterFlow_publisher.py
/home/hacker/ros2_fws/install/new_package/lib/python3.10/site-packages/new_package/sensors/waterPressure_publisher.py
/home/hacker/ros2_fws/install/new_package/lib/python3.10/site-packages/new_package/services/pump_service.py
/home/hacker/ros2_fws/install/new_package/lib/python3.10/site-packages/new_package/services/__init__.py
/home/hacker/ros2_fws/install/new_package/lib/python3.10/site-packages/new_package/services/servo_service.py
/home/hacker/ros2_fws/install/new_package/lib/python3.10/site-packages/new_package/services/valve_service.py
/home/hacker/ros2_fws/install/new_package/lib/python3.10/site-packages/new_package/__pycache__/subscribe_data.cpython-310.pyc
/home/hacker/ros2_fws/install/new_package/lib/python3.10/site-packages/new_package/__pycache__/irrigation.cpython-310.pyc
/home/hacker/ros2_fws/install/new_package/lib/python3.10/site-packages/new_package/__pycache__/__init__.cpython-310.pyc
/home/hacker/ros2_fws/install/new_package/lib/python3.10/site-packages/new_package/__pycache__/hello.cpython-310.pyc
/home/hacker/ros2_fws/install/new_package/lib/python3.10/site-packages/new_package/__pycache__/RestApi.cpython-310.pyc
/home/hacker/ros2_fws/install/new_package/lib/python3.10/site-packages/new_package/sensors/__pycache__/dht_data_publisher.cpython-310.pyc
/home/hacker/ros2_fws/install/new_package/lib/python3.10/site-packages/new_package/sensors/__pycache__/__init__.cpython-310.pyc
/home/hacker/ros2_fws/install/new_package/lib/python3.10/site-packages/new_package/sensors/__pycache__/soil_data_publisher.cpython-310.pyc
/home/hacker/ros2_fws/install/new_package/lib/python3.10/site-packages/new_package/sensors/__pycache__/waterFlow_publisher.cpython-310.pyc
/home/hacker/ros2_fws/install/new_package/lib/python3.10/site-packages/new_package/sensors/__pycache__/waterPressure_publisher.cpython-310.pyc
/home/hacker/ros2_fws/install/new_package/lib/python3.10/site-packages/new_package/services/__pycache__/pump_service.cpython-310.pyc
/home/hacker/ros2_fws/install/new_package/lib/python3.10/site-packages/new_package/services/__pycache__/__init__.cpython-310.pyc
/home/hacker/ros2_fws/install/new_package/lib/python3.10/site-packages/new_package/services/__pycache__/servo_service.cpython-310.pyc
/home/hacker/ros2_fws/install/new_package/lib/python3.10/site-packages/new_package/services/__pycache__/valve_service.cpython-310.pyc
/home/hacker/ros2_fws/install/new_package/share/ament_index/resource_index/packages/new_package
/home/hacker/ros2_fws/install/new_package/share/new_package/package.xml
/home/hacker/ros2_fws/install/new_package/lib/python3.10/site-packages/new_package-0.0.0-py3.10.egg-info/top_level.txt
/home/hacker/ros2_fws/install/new_package/lib/python3.10/site-packages/new_package-0.0.0-py3.10.egg-info/entry_points.txt
/home/hacker/ros2_fws/install/new_package/lib/python3.10/site-packages/new_package-0.0.0-py3.10.egg-info/SOURCES.txt
/home/hacker/ros2_fws/install/new_package/lib/python3.10/site-packages/new_package-0.0.0-py3.10.egg-info/PKG-INFO
/home/hacker/ros2_fws/install/new_package/lib/python3.10/site-packages/new_package-0.0.0-py3.10.egg-info/requires.txt
/home/hacker/ros2_fws/install/new_package/lib/python3.10/site-packages/new_package-0.0.0-py3.10.egg-info/zip-safe
/home/hacker/ros2_fws/install/new_package/lib/python3.10/site-packages/new_package-0.0.0-py3.10.egg-info/dependency_links.txt
/home/hacker/ros2_fws/install/new_package/lib/new_package/DHT
/home/hacker/ros2_fws/install/new_package/lib/new_package/hello
/home/hacker/ros2_fws/install/new_package/lib/new_package/pump_call
/home/hacker/ros2_fws/install/new_package/lib/new_package/rest
/home/hacker/ros2_fws/install/new_package/lib/new_package/servo_call
/home/hacker/ros2_fws/install/new_package/lib/new_package/soilData
/home/hacker/ros2_fws/install/new_package/lib/new_package/subscriber
/home/hacker/ros2_fws/install/new_package/lib/new_package/valve_call
/home/hacker/ros2_fws/install/new_package/lib/new_package/waterFlow
