[0.667s] Invoking command in '/home/hacker/ros2_fws/src/new_package': PYTHONPATH=/home/hacker/ros2_fws/build/new_package/prefix_override:/usr/lib/python3/dist-packages/colcon_core/task/python/colcon_distutils_commands:/home/hacker/ros2_fws/install/new_package/lib/python3.10/site-packages:${PYTHONPATH} /usr/bin/python3 -W ignore:setup.py install is deprecated -W ignore:easy_install command is deprecated setup.py egg_info --egg-base ../../build/new_package build --build-base /home/hacker/ros2_fws/build/new_package/build install --record /home/hacker/ros2_fws/build/new_package/install.log --single-version-externally-managed install_data
[0.821s] running egg_info
[0.822s] creating ../../build/new_package/new_package.egg-info
[0.823s] writing ../../build/new_package/new_package.egg-info/PKG-INFO
[0.823s] writing dependency_links to ../../build/new_package/new_package.egg-info/dependency_links.txt
[0.823s] writing entry points to ../../build/new_package/new_package.egg-info/entry_points.txt
[0.823s] writing requirements to ../../build/new_package/new_package.egg-info/requires.txt
[0.823s] writing top-level names to ../../build/new_package/new_package.egg-info/top_level.txt
[0.823s] writing manifest file '../../build/new_package/new_package.egg-info/SOURCES.txt'
[0.824s] reading manifest file '../../build/new_package/new_package.egg-info/SOURCES.txt'
[0.824s] adding license file 'LICENSE'
[0.825s] writing manifest file '../../build/new_package/new_package.egg-info/SOURCES.txt'
[0.825s] running build
[0.825s] running build_py
[0.825s] creating /home/hacker/ros2_fws/build/new_package/build
[0.826s] creating /home/hacker/ros2_fws/build/new_package/build/lib
[0.826s] creating /home/hacker/ros2_fws/build/new_package/build/lib/new_package
[0.826s] copying new_package/__init__.py -> /home/hacker/ros2_fws/build/new_package/build/lib/new_package
[0.826s] running install
[0.827s] running install_lib
[0.827s] creating /home/hacker/ros2_fws/install/new_package/lib/python3.10/site-packages/new_package
[0.827s] copying /home/hacker/ros2_fws/build/new_package/build/lib/new_package/__init__.py -> /home/hacker/ros2_fws/install/new_package/lib/python3.10/site-packages/new_package
[0.828s] byte-compiling /home/hacker/ros2_fws/install/new_package/lib/python3.10/site-packages/new_package/__init__.py to __init__.cpython-310.pyc
[0.828s] running install_data
[0.828s] creating /home/hacker/ros2_fws/install/new_package/share/ament_index
[0.828s] creating /home/hacker/ros2_fws/install/new_package/share/ament_index/resource_index
[0.828s] creating /home/hacker/ros2_fws/install/new_package/share/ament_index/resource_index/packages
[0.828s] copying resource/new_package -> /home/hacker/ros2_fws/install/new_package/share/ament_index/resource_index/packages
[0.829s] copying package.xml -> /home/hacker/ros2_fws/install/new_package/share/new_package
[0.830s] running install_egg_info
[0.831s] Copying ../../build/new_package/new_package.egg-info to /home/hacker/ros2_fws/install/new_package/lib/python3.10/site-packages/new_package-0.0.0-py3.10.egg-info
[0.832s] running install_scripts
[0.849s] writing list of installed files to '/home/hacker/ros2_fws/build/new_package/install.log'
[0.872s] Invoked command in '/home/hacker/ros2_fws/src/new_package' returned '0': PYTHONPATH=/home/hacker/ros2_fws/build/new_package/prefix_override:/usr/lib/python3/dist-packages/colcon_core/task/python/colcon_distutils_commands:/home/hacker/ros2_fws/install/new_package/lib/python3.10/site-packages:${PYTHONPATH} /usr/bin/python3 -W ignore:setup.py install is deprecated -W ignore:easy_install command is deprecated setup.py egg_info --egg-base ../../build/new_package build --build-base /home/hacker/ros2_fws/build/new_package/build install --record /home/hacker/ros2_fws/build/new_package/install.log --single-version-externally-managed install_data
