[0.646s] Invoking command in '/home/hacker/ros2_fws/src/new_package': PYTHONPATH=/home/hacker/ros2_fws/build/new_package/prefix_override:/usr/lib/python3/dist-packages/colcon_core/task/python/colcon_distutils_commands:/home/hacker/ros2_fws/install/new_package/lib/python3.10/site-packages:${PYTHONPATH} /usr/bin/python3 -W ignore:setup.py install is deprecated -W ignore:easy_install command is deprecated setup.py egg_info --egg-base ../../build/new_package build --build-base /home/hacker/ros2_fws/build/new_package/build install --record /home/hacker/ros2_fws/build/new_package/install.log --single-version-externally-managed install_data
[0.827s] running egg_info
[0.828s] writing ../../build/new_package/new_package.egg-info/PKG-INFO
[0.829s] writing dependency_links to ../../build/new_package/new_package.egg-info/dependency_links.txt
[0.830s] writing entry points to ../../build/new_package/new_package.egg-info/entry_points.txt
[0.830s] writing requirements to ../../build/new_package/new_package.egg-info/requires.txt
[0.830s] writing top-level names to ../../build/new_package/new_package.egg-info/top_level.txt
[0.833s] reading manifest file '../../build/new_package/new_package.egg-info/SOURCES.txt'
[0.833s] adding license file 'LICENSE'
[0.833s] writing manifest file '../../build/new_package/new_package.egg-info/SOURCES.txt'
[0.834s] running build
[0.834s] running build_py
[0.834s] copying new_package/hello.py -> /home/hacker/ros2_fws/build/new_package/build/lib/new_package
[0.835s] running install
[0.835s] running install_lib
[0.836s] copying /home/hacker/ros2_fws/build/new_package/build/lib/new_package/hello.py -> /home/hacker/ros2_fws/install/new_package/lib/python3.10/site-packages/new_package
[0.836s] byte-compiling /home/hacker/ros2_fws/install/new_package/lib/python3.10/site-packages/new_package/hello.py to hello.cpython-310.pyc
[0.838s] running install_data
[0.838s] running install_egg_info
[0.840s] removing '/home/hacker/ros2_fws/install/new_package/lib/python3.10/site-packages/new_package-0.0.0-py3.10.egg-info' (and everything under it)
[0.841s] Copying ../../build/new_package/new_package.egg-info to /home/hacker/ros2_fws/install/new_package/lib/python3.10/site-packages/new_package-0.0.0-py3.10.egg-info
[0.843s] running install_scripts
[0.864s] Installing hello script to /home/hacker/ros2_fws/install/new_package/lib/new_package
[0.864s] writing list of installed files to '/home/hacker/ros2_fws/build/new_package/install.log'
[0.899s] Invoked command in '/home/hacker/ros2_fws/src/new_package' returned '0': PYTHONPATH=/home/hacker/ros2_fws/build/new_package/prefix_override:/usr/lib/python3/dist-packages/colcon_core/task/python/colcon_distutils_commands:/home/hacker/ros2_fws/install/new_package/lib/python3.10/site-packages:${PYTHONPATH} /usr/bin/python3 -W ignore:setup.py install is deprecated -W ignore:easy_install command is deprecated setup.py egg_info --egg-base ../../build/new_package build --build-base /home/hacker/ros2_fws/build/new_package/build install --record /home/hacker/ros2_fws/build/new_package/install.log --single-version-externally-managed install_data
