[1.293s] Invoking command in '/home/hacker/ros2_fws/src/new_package': PYTHONPATH=/home/hacker/ros2_fws/build/new_package/prefix_override:/usr/lib/python3/dist-packages/colcon_core/task/python/colcon_distutils_commands:/home/hacker/ros2_fws/install/new_package/lib/python3.10/site-packages:${PYTHONPATH} /usr/bin/python3 -W ignore:setup.py install is deprecated -W ignore:easy_install command is deprecated setup.py egg_info --egg-base ../../build/new_package build --build-base /home/hacker/ros2_fws/build/new_package/build install --record /home/hacker/ros2_fws/build/new_package/install.log --single-version-externally-managed install_data
[1.471s] running egg_info
[1.471s] writing ../../build/new_package/new_package.egg-info/PKG-INFO
[1.473s] writing dependency_links to ../../build/new_package/new_package.egg-info/dependency_links.txt
[1.473s] writing entry points to ../../build/new_package/new_package.egg-info/entry_points.txt
[1.474s] writing requirements to ../../build/new_package/new_package.egg-info/requires.txt
[1.474s] writing top-level names to ../../build/new_package/new_package.egg-info/top_level.txt
[1.476s] reading manifest file '../../build/new_package/new_package.egg-info/SOURCES.txt'
[1.477s] adding license file 'LICENSE'
[1.478s] writing manifest file '../../build/new_package/new_package.egg-info/SOURCES.txt'
[1.478s] running build
[1.478s] running build_py
[1.478s] copying new_package/sensor_data_publisher.py -> /home/hacker/ros2_fws/build/new_package/build/lib/new_package
[1.478s] running install
[1.479s] running install_lib
[1.479s] copying /home/hacker/ros2_fws/build/new_package/build/lib/new_package/sensor_data_publisher.py -> /home/hacker/ros2_fws/install/new_package/lib/python3.10/site-packages/new_package
[1.480s] byte-compiling /home/hacker/ros2_fws/install/new_package/lib/python3.10/site-packages/new_package/sensor_data_publisher.py to sensor_data_publisher.cpython-310.pyc
[1.481s] running install_data
[1.481s] running install_egg_info
[1.482s] removing '/home/hacker/ros2_fws/install/new_package/lib/python3.10/site-packages/new_package-0.0.0-py3.10.egg-info' (and everything under it)
[1.485s] Copying ../../build/new_package/new_package.egg-info to /home/hacker/ros2_fws/install/new_package/lib/python3.10/site-packages/new_package-0.0.0-py3.10.egg-info
[1.486s] running install_scripts
[1.502s] Installing hello script to /home/hacker/ros2_fws/install/new_package/lib/new_package
[1.503s] Installing sensor_data_publisher script to /home/hacker/ros2_fws/install/new_package/lib/new_package
[1.503s] writing list of installed files to '/home/hacker/ros2_fws/build/new_package/install.log'
[1.533s] Invoked command in '/home/hacker/ros2_fws/src/new_package' returned '0': PYTHONPATH=/home/hacker/ros2_fws/build/new_package/prefix_override:/usr/lib/python3/dist-packages/colcon_core/task/python/colcon_distutils_commands:/home/hacker/ros2_fws/install/new_package/lib/python3.10/site-packages:${PYTHONPATH} /usr/bin/python3 -W ignore:setup.py install is deprecated -W ignore:easy_install command is deprecated setup.py egg_info --egg-base ../../build/new_package build --build-base /home/hacker/ros2_fws/build/new_package/build install --record /home/hacker/ros2_fws/build/new_package/install.log --single-version-externally-managed install_data
