[0.479s] Invoking command in '/home/hacker/ros2_fws/src/new_package': PYTHONPATH=/home/hacker/ros2_fws/build/new_package/prefix_override:/usr/lib/python3/dist-packages/colcon_core/task/python/colcon_distutils_commands:/home/hacker/ros2_fws/install/new_package/lib/python3.10/site-packages:${PYTHONPATH} /usr/bin/python3 -W ignore:setup.py install is deprecated -W ignore:easy_install command is deprecated setup.py egg_info --egg-base ../../build/new_package build --build-base /home/hacker/ros2_fws/build/new_package/build install --record /home/hacker/ros2_fws/build/new_package/install.log --single-version-externally-managed install_data
[0.692s] running egg_info
[0.694s] writing ../../build/new_package/new_package.egg-info/PKG-INFO
[0.694s] writing dependency_links to ../../build/new_package/new_package.egg-info/dependency_links.txt
[0.695s] writing entry points to ../../build/new_package/new_package.egg-info/entry_points.txt
[0.695s] writing requirements to ../../build/new_package/new_package.egg-info/requires.txt
[0.695s] writing top-level names to ../../build/new_package/new_package.egg-info/top_level.txt
[0.699s] reading manifest file '../../build/new_package/new_package.egg-info/SOURCES.txt'
[0.699s] adding license file 'LICENSE'
[0.700s] writing manifest file '../../build/new_package/new_package.egg-info/SOURCES.txt'
[0.700s] running build
[0.700s] running build_py
[0.701s] running install
[0.701s] running install_lib
[0.703s] running install_data
[0.703s] running install_egg_info
[0.706s] removing '/home/hacker/ros2_fws/install/new_package/lib/python3.10/site-packages/new_package-0.0.0-py3.10.egg-info' (and everything under it)
[0.707s] Copying ../../build/new_package/new_package.egg-info to /home/hacker/ros2_fws/install/new_package/lib/python3.10/site-packages/new_package-0.0.0-py3.10.egg-info
[0.708s] running install_scripts
[0.738s] Installing hello script to /home/hacker/ros2_fws/install/new_package/lib/new_package
[0.738s] Installing sensor_data_publisher script to /home/hacker/ros2_fws/install/new_package/lib/new_package
[0.738s] Installing servo_call script to /home/hacker/ros2_fws/install/new_package/lib/new_package
[0.738s] Installing subscriber script to /home/hacker/ros2_fws/install/new_package/lib/new_package
[0.738s] writing list of installed files to '/home/hacker/ros2_fws/build/new_package/install.log'
[0.770s] Invoked command in '/home/hacker/ros2_fws/src/new_package' returned '0': PYTHONPATH=/home/hacker/ros2_fws/build/new_package/prefix_override:/usr/lib/python3/dist-packages/colcon_core/task/python/colcon_distutils_commands:/home/hacker/ros2_fws/install/new_package/lib/python3.10/site-packages:${PYTHONPATH} /usr/bin/python3 -W ignore:setup.py install is deprecated -W ignore:easy_install command is deprecated setup.py egg_info --egg-base ../../build/new_package build --build-base /home/hacker/ros2_fws/build/new_package/build install --record /home/hacker/ros2_fws/build/new_package/install.log --single-version-externally-managed install_data
