[0.403s] Invoking command in '/home/hacker/ros2_fws/src/new_package': PYTHONPATH=/home/hacker/ros2_fws/build/new_package/prefix_override:/usr/lib/python3/dist-packages/colcon_core/task/python/colcon_distutils_commands:/home/hacker/ros2_fws/install/new_package/lib/python3.10/site-packages:${PYTHONPATH} /usr/bin/python3 -W ignore:setup.py install is deprecated -W ignore:easy_install command is deprecated setup.py egg_info --egg-base ../../build/new_package build --build-base /home/hacker/ros2_fws/build/new_package/build install --record /home/hacker/ros2_fws/build/new_package/install.log --single-version-externally-managed install_data
[0.546s] running egg_info
[0.547s] writing ../../build/new_package/new_package.egg-info/PKG-INFO
[0.547s] writing dependency_links to ../../build/new_package/new_package.egg-info/dependency_links.txt
[0.547s] writing entry points to ../../build/new_package/new_package.egg-info/entry_points.txt
[0.547s] writing requirements to ../../build/new_package/new_package.egg-info/requires.txt
[0.547s] writing top-level names to ../../build/new_package/new_package.egg-info/top_level.txt
[0.548s] reading manifest file '../../build/new_package/new_package.egg-info/SOURCES.txt'
[0.548s] adding license file 'LICENSE'
[0.549s] writing manifest file '../../build/new_package/new_package.egg-info/SOURCES.txt'
[0.549s] running build
[0.549s] running build_py
[0.549s] running install
[0.549s] running install_lib
[0.550s] running install_data
[0.550s] copying package.xml -> /home/hacker/ros2_fws/install/new_package/share/new_package
[0.551s] running install_egg_info
[0.552s] removing '/home/hacker/ros2_fws/install/new_package/lib/python3.10/site-packages/new_package-0.0.0-py3.10.egg-info' (and everything under it)
[0.552s] Copying ../../build/new_package/new_package.egg-info to /home/hacker/ros2_fws/install/new_package/lib/python3.10/site-packages/new_package-0.0.0-py3.10.egg-info
[0.553s] running install_scripts
[0.567s] Installing hello script to /home/hacker/ros2_fws/install/new_package/lib/new_package
[0.567s] writing list of installed files to '/home/hacker/ros2_fws/build/new_package/install.log'
[0.590s] Invoked command in '/home/hacker/ros2_fws/src/new_package' returned '0': PYTHONPATH=/home/hacker/ros2_fws/build/new_package/prefix_override:/usr/lib/python3/dist-packages/colcon_core/task/python/colcon_distutils_commands:/home/hacker/ros2_fws/install/new_package/lib/python3.10/site-packages:${PYTHONPATH} /usr/bin/python3 -W ignore:setup.py install is deprecated -W ignore:easy_install command is deprecated setup.py egg_info --egg-base ../../build/new_package build --build-base /home/hacker/ros2_fws/build/new_package/build install --record /home/hacker/ros2_fws/build/new_package/install.log --single-version-externally-managed install_data
