[0.866s] Invoking command in '/home/hacker/ros2_fws/src/new_package': PYTHONPATH=/home/hacker/ros2_fws/build/new_package/prefix_override:/usr/lib/python3/dist-packages/colcon_core/task/python/colcon_distutils_commands:/home/hacker/ros2_fws/install/new_package/lib/python3.10/site-packages: /usr/bin/python3 -W ignore:setup.py install is deprecated -W ignore:easy_install command is deprecated setup.py egg_info --egg-base ../../build/new_package build --build-base /home/hacker/ros2_fws/build/new_package/build install --record /home/hacker/ros2_fws/build/new_package/install.log --single-version-externally-managed install_data
[1.008s] running egg_info
[1.008s] writing ../../build/new_package/new_package.egg-info/PKG-INFO
[1.009s] writing dependency_links to ../../build/new_package/new_package.egg-info/dependency_links.txt
[1.009s] writing entry points to ../../build/new_package/new_package.egg-info/entry_points.txt
[1.009s] writing requirements to ../../build/new_package/new_package.egg-info/requires.txt
[1.009s] writing top-level names to ../../build/new_package/new_package.egg-info/top_level.txt
[1.011s] reading manifest file '../../build/new_package/new_package.egg-info/SOURCES.txt'
[1.012s] adding license file 'LICENSE'
[1.013s] writing manifest file '../../build/new_package/new_package.egg-info/SOURCES.txt'
[1.013s] running build
[1.013s] running build_py
[1.013s] copying new_package/subscribe_data.py -> /home/hacker/ros2_fws/build/new_package/build/lib/new_package
[1.015s] copying new_package/irrigation.py -> /home/hacker/ros2_fws/build/new_package/build/lib/new_package
[1.016s] copying new_package/servo_motor_service.py -> /home/hacker/ros2_fws/build/new_package/build/lib/new_package
[1.020s] copying new_package/sensor_data_publisher.py -> /home/hacker/ros2_fws/build/new_package/build/lib/new_package
[1.020s] running install
[1.021s] running install_lib
[1.022s] copying /home/hacker/ros2_fws/build/new_package/build/lib/new_package/subscribe_data.py -> /home/hacker/ros2_fws/install/new_package/lib/python3.10/site-packages/new_package
[1.023s] copying /home/hacker/ros2_fws/build/new_package/build/lib/new_package/irrigation.py -> /home/hacker/ros2_fws/install/new_package/lib/python3.10/site-packages/new_package
[1.023s] copying /home/hacker/ros2_fws/build/new_package/build/lib/new_package/servo_motor_service.py -> /home/hacker/ros2_fws/install/new_package/lib/python3.10/site-packages/new_package
[1.023s] copying /home/hacker/ros2_fws/build/new_package/build/lib/new_package/sensor_data_publisher.py -> /home/hacker/ros2_fws/install/new_package/lib/python3.10/site-packages/new_package
[1.024s] byte-compiling /home/hacker/ros2_fws/install/new_package/lib/python3.10/site-packages/new_package/subscribe_data.py to subscribe_data.cpython-310.pyc
[1.025s] byte-compiling /home/hacker/ros2_fws/install/new_package/lib/python3.10/site-packages/new_package/irrigation.py to irrigation.cpython-310.pyc
[1.026s] byte-compiling /home/hacker/ros2_fws/install/new_package/lib/python3.10/site-packages/new_package/servo_motor_service.py to servo_motor_service.cpython-310.pyc
[1.029s]   File "/home/hacker/ros2_fws/install/new_package/lib/python3.10/site-packages/new_package/servo_motor_service.py", line 12
[1.029s]     GPIO setup
[1.029s]          ^^^^^
[1.030s] SyntaxError: invalid syntax
[1.030s] 
[1.030s] byte-compiling /home/hacker/ros2_fws/install/new_package/lib/python3.10/site-packages/new_package/sensor_data_publisher.py to sensor_data_publisher.cpython-310.pyc
[1.030s] running install_data
[1.030s] copying package.xml -> /home/hacker/ros2_fws/install/new_package/share/new_package
[1.031s] running install_egg_info
[1.032s] removing '/home/hacker/ros2_fws/install/new_package/lib/python3.10/site-packages/new_package-0.0.0-py3.10.egg-info' (and everything under it)
[1.035s] Copying ../../build/new_package/new_package.egg-info to /home/hacker/ros2_fws/install/new_package/lib/python3.10/site-packages/new_package-0.0.0-py3.10.egg-info
[1.036s] running install_scripts
[1.055s] Installing hello script to /home/hacker/ros2_fws/install/new_package/lib/new_package
[1.055s] Installing sensor_data_publisher script to /home/hacker/ros2_fws/install/new_package/lib/new_package
[1.055s] Installing servo_call script to /home/hacker/ros2_fws/install/new_package/lib/new_package
[1.055s] Installing subscriber script to /home/hacker/ros2_fws/install/new_package/lib/new_package
[1.056s] writing list of installed files to '/home/hacker/ros2_fws/build/new_package/install.log'
[1.076s] Invoked command in '/home/hacker/ros2_fws/src/new_package' returned '0': PYTHONPATH=/home/hacker/ros2_fws/build/new_package/prefix_override:/usr/lib/python3/dist-packages/colcon_core/task/python/colcon_distutils_commands:/home/hacker/ros2_fws/install/new_package/lib/python3.10/site-packages: /usr/bin/python3 -W ignore:setup.py install is deprecated -W ignore:easy_install command is deprecated setup.py egg_info --egg-base ../../build/new_package build --build-base /home/hacker/ros2_fws/build/new_package/build install --record /home/hacker/ros2_fws/build/new_package/install.log --single-version-externally-managed install_data
