[0.756s] Invoking command in '/home/hacker/ros2_fws/src/new_package': PYTHONPATH=/home/hacker/ros2_fws/build/new_package/prefix_override:/usr/lib/python3/dist-packages/colcon_core/task/python/colcon_distutils_commands:/home/hacker/ros2_fws/install/new_package/lib/python3.10/site-packages: /usr/bin/python3 -W ignore:setup.py install is deprecated -W ignore:easy_install command is deprecated setup.py egg_info --egg-base ../../build/new_package build --build-base /home/hacker/ros2_fws/build/new_package/build install --record /home/hacker/ros2_fws/build/new_package/install.log --single-version-externally-managed install_data
[0.897s] running egg_info
[0.897s] writing ../../build/new_package/new_package.egg-info/PKG-INFO
[0.898s] writing dependency_links to ../../build/new_package/new_package.egg-info/dependency_links.txt
[0.898s] writing entry points to ../../build/new_package/new_package.egg-info/entry_points.txt
[0.898s] writing requirements to ../../build/new_package/new_package.egg-info/requires.txt
[0.898s] writing top-level names to ../../build/new_package/new_package.egg-info/top_level.txt
[0.903s] reading manifest file '../../build/new_package/new_package.egg-info/SOURCES.txt'
[0.905s] adding license file 'LICENSE'
[0.905s] writing manifest file '../../build/new_package/new_package.egg-info/SOURCES.txt'
[0.905s] running build
[0.906s] running build_py
[0.906s] copying new_package/subscribe_data.py -> /home/hacker/ros2_fws/build/new_package/build/lib/new_package
[0.909s] copying new_package/servo_motor_service.py -> /home/hacker/ros2_fws/build/new_package/build/lib/new_package
[0.912s] running install
[0.912s] running install_lib
[0.917s] copying /home/hacker/ros2_fws/build/new_package/build/lib/new_package/subscribe_data.py -> /home/hacker/ros2_fws/install/new_package/lib/python3.10/site-packages/new_package
[0.919s] copying /home/hacker/ros2_fws/build/new_package/build/lib/new_package/servo_motor_service.py -> /home/hacker/ros2_fws/install/new_package/lib/python3.10/site-packages/new_package
[0.921s] byte-compiling /home/hacker/ros2_fws/install/new_package/lib/python3.10/site-packages/new_package/subscribe_data.py to subscribe_data.cpython-310.pyc
[0.924s] byte-compiling /home/hacker/ros2_fws/install/new_package/lib/python3.10/site-packages/new_package/servo_motor_service.py to servo_motor_service.cpython-310.pyc
[0.924s] running install_data
[0.925s] running install_egg_info
[0.929s] removing '/home/hacker/ros2_fws/install/new_package/lib/python3.10/site-packages/new_package-0.0.0-py3.10.egg-info' (and everything under it)
[0.934s] Copying ../../build/new_package/new_package.egg-info to /home/hacker/ros2_fws/install/new_package/lib/python3.10/site-packages/new_package-0.0.0-py3.10.egg-info
[0.936s] running install_scripts
[0.954s] Installing hello script to /home/hacker/ros2_fws/install/new_package/lib/new_package
[0.955s] Installing sensor_data_publisher script to /home/hacker/ros2_fws/install/new_package/lib/new_package
[0.955s] Installing servo_call script to /home/hacker/ros2_fws/install/new_package/lib/new_package
[0.955s] Installing subscriber script to /home/hacker/ros2_fws/install/new_package/lib/new_package
[0.955s] writing list of installed files to '/home/hacker/ros2_fws/build/new_package/install.log'
[0.981s] Invoked command in '/home/hacker/ros2_fws/src/new_package' returned '0': PYTHONPATH=/home/hacker/ros2_fws/build/new_package/prefix_override:/usr/lib/python3/dist-packages/colcon_core/task/python/colcon_distutils_commands:/home/hacker/ros2_fws/install/new_package/lib/python3.10/site-packages: /usr/bin/python3 -W ignore:setup.py install is deprecated -W ignore:easy_install command is deprecated setup.py egg_info --egg-base ../../build/new_package build --build-base /home/hacker/ros2_fws/build/new_package/build install --record /home/hacker/ros2_fws/build/new_package/install.log --single-version-externally-managed install_data
