running egg_info
writing ../../build/new_package/new_package.egg-info/PKG-INFO
writing dependency_links to ../../build/new_package/new_package.egg-info/dependency_links.txt
writing entry points to ../../build/new_package/new_package.egg-info/entry_points.txt
writing requirements to ../../build/new_package/new_package.egg-info/requires.txt
writing top-level names to ../../build/new_package/new_package.egg-info/top_level.txt
reading manifest file '../../build/new_package/new_package.egg-info/SOURCES.txt'
adding license file 'LICENSE'
writing manifest file '../../build/new_package/new_package.egg-info/SOURCES.txt'
running build
running build_py
running install
running install_lib
running install_data
running install_egg_info
removing '/home/hacker/ros2_fws/install/new_package/lib/python3.10/site-packages/new_package-0.0.0-py3.10.egg-info' (and everything under it)
Copying ../../build/new_package/new_package.egg-info to /home/hacker/ros2_fws/install/new_package/lib/python3.10/site-packages/new_package-0.0.0-py3.10.egg-info
running install_scripts
Installing DHT script to /home/hacker/ros2_fws/install/new_package/lib/new_package
Installing hello script to /home/hacker/ros2_fws/install/new_package/lib/new_package
Installing pump_call script to /home/hacker/ros2_fws/install/new_package/lib/new_package
Installing rest script to /home/hacker/ros2_fws/install/new_package/lib/new_package
Installing servo_call script to /home/hacker/ros2_fws/install/new_package/lib/new_package
Installing soilData script to /home/hacker/ros2_fws/install/new_package/lib/new_package
Installing subscriber script to /home/hacker/ros2_fws/install/new_package/lib/new_package
Installing valve_call script to /home/hacker/ros2_fws/install/new_package/lib/new_package
Installing waterFlow script to /home/hacker/ros2_fws/install/new_package/lib/new_package
writing list of installed files to '/home/hacker/ros2_fws/build/new_package/install.log'
