[1.148s] Invoking command in '/home/hacker/ros2_fws/src/new_package': PYTHONPATH=/home/hacker/ros2_fws/build/new_package/prefix_override:/usr/lib/python3/dist-packages/colcon_core/task/python/colcon_distutils_commands:/home/hacker/ros2_fws/install/new_package/lib/python3.10/site-packages:${PYTHONPATH} /usr/bin/python3 -W ignore:setup.py install is deprecated -W ignore:easy_install command is deprecated setup.py egg_info --egg-base ../../build/new_package build --build-base /home/hacker/ros2_fws/build/new_package/build install --record /home/hacker/ros2_fws/build/new_package/install.log --single-version-externally-managed install_data
[1.394s] running egg_info
[1.395s] writing ../../build/new_package/new_package.egg-info/PKG-INFO
[1.398s] writing dependency_links to ../../build/new_package/new_package.egg-info/dependency_links.txt
[1.399s] writing entry points to ../../build/new_package/new_package.egg-info/entry_points.txt
[1.400s] writing requirements to ../../build/new_package/new_package.egg-info/requires.txt
[1.400s] writing top-level names to ../../build/new_package/new_package.egg-info/top_level.txt
[1.403s] reading manifest file '../../build/new_package/new_package.egg-info/SOURCES.txt'
[1.404s] adding license file 'LICENSE'
[1.405s] writing manifest file '../../build/new_package/new_package.egg-info/SOURCES.txt'
[1.405s] running build
[1.405s] running build_py
[1.405s] running install
[1.406s] running install_lib
[1.410s] running install_data
[1.410s] running install_egg_info
[1.412s] removing '/home/hacker/ros2_fws/install/new_package/lib/python3.10/site-packages/new_package-0.0.0-py3.10.egg-info' (and everything under it)
[1.417s] Copying ../../build/new_package/new_package.egg-info to /home/hacker/ros2_fws/install/new_package/lib/python3.10/site-packages/new_package-0.0.0-py3.10.egg-info
[1.420s] running install_scripts
[1.448s] Installing DHT script to /home/hacker/ros2_fws/install/new_package/lib/new_package
[1.449s] Installing hello script to /home/hacker/ros2_fws/install/new_package/lib/new_package
[1.449s] Installing pump_call script to /home/hacker/ros2_fws/install/new_package/lib/new_package
[1.449s] Installing rest script to /home/hacker/ros2_fws/install/new_package/lib/new_package
[1.449s] Installing servo_call script to /home/hacker/ros2_fws/install/new_package/lib/new_package
[1.449s] Installing soilData script to /home/hacker/ros2_fws/install/new_package/lib/new_package
[1.449s] Installing subscriber script to /home/hacker/ros2_fws/install/new_package/lib/new_package
[1.450s] Installing valve_call script to /home/hacker/ros2_fws/install/new_package/lib/new_package
[1.450s] Installing waterFlow script to /home/hacker/ros2_fws/install/new_package/lib/new_package
[1.450s] writing list of installed files to '/home/hacker/ros2_fws/build/new_package/install.log'
[1.488s] Invoked command in '/home/hacker/ros2_fws/src/new_package' returned '0': PYTHONPATH=/home/hacker/ros2_fws/build/new_package/prefix_override:/usr/lib/python3/dist-packages/colcon_core/task/python/colcon_distutils_commands:/home/hacker/ros2_fws/install/new_package/lib/python3.10/site-packages:${PYTHONPATH} /usr/bin/python3 -W ignore:setup.py install is deprecated -W ignore:easy_install command is deprecated setup.py egg_info --egg-base ../../build/new_package build --build-base /home/hacker/ros2_fws/build/new_package/build install --record /home/hacker/ros2_fws/build/new_package/install.log --single-version-externally-managed install_data
