running egg_info
writing ../../build/new_package/new_package.egg-info/PKG-INFO
writing dependency_links to ../../build/new_package/new_package.egg-info/dependency_links.txt
writing entry points to ../../build/new_package/new_package.egg-info/entry_points.txt
writing requirements to ../../build/new_package/new_package.egg-info/requires.txt
writing top-level names to ../../build/new_package/new_package.egg-info/top_level.txt
reading manifest file '../../build/new_package/new_package.egg-info/SOURCES.txt'
adding license file 'LICENSE'
writing manifest file '../../build/new_package/new_package.egg-info/SOURCES.txt'
running build
running build_py
copying new_package/hello.py -> /home/hacker/ros2_fws/build/new_package/build/lib/new_package
running install
running install_lib
copying /home/hacker/ros2_fws/build/new_package/build/lib/new_package/hello.py -> /home/hacker/ros2_fws/install/new_package/lib/python3.10/site-packages/new_package
byte-compiling /home/hacker/ros2_fws/install/new_package/lib/python3.10/site-packages/new_package/hello.py to hello.cpython-310.pyc
running install_data
copying package.xml -> /home/hacker/ros2_fws/install/new_package/share/new_package
running install_egg_info
removing '/home/hacker/ros2_fws/install/new_package/lib/python3.10/site-packages/new_package-0.0.0-py3.10.egg-info' (and everything under it)
Copying ../../build/new_package/new_package.egg-info to /home/hacker/ros2_fws/install/new_package/lib/python3.10/site-packages/new_package-0.0.0-py3.10.egg-info
running install_scripts
Installing hello script to /home/hacker/ros2_fws/install/new_package/lib/new_package
writing list of installed files to '/home/hacker/ros2_fws/build/new_package/install.log'
