[0.957s] Invoking command in '/home/hacker/ros2_fws/src/new_package': PYTHONPATH=/home/hacker/ros2_fws/build/new_package/prefix_override:/usr/lib/python3/dist-packages/colcon_core/task/python/colcon_distutils_commands:/home/hacker/ros2_fws/install/new_package/lib/python3.10/site-packages: /usr/bin/python3 -W ignore:setup.py install is deprecated -W ignore:easy_install command is deprecated setup.py egg_info --egg-base ../../build/new_package build --build-base /home/hacker/ros2_fws/build/new_package/build install --record /home/hacker/ros2_fws/build/new_package/install.log --single-version-externally-managed install_data
[1.150s] running egg_info
[1.151s] writing ../../build/new_package/new_package.egg-info/PKG-INFO
[1.152s] writing dependency_links to ../../build/new_package/new_package.egg-info/dependency_links.txt
[1.153s] writing entry points to ../../build/new_package/new_package.egg-info/entry_points.txt
[1.153s] writing requirements to ../../build/new_package/new_package.egg-info/requires.txt
[1.153s] writing top-level names to ../../build/new_package/new_package.egg-info/top_level.txt
[1.159s] reading manifest file '../../build/new_package/new_package.egg-info/SOURCES.txt'
[1.160s] adding license file 'LICENSE'
[1.160s] writing manifest file '../../build/new_package/new_package.egg-info/SOURCES.txt'
[1.160s] running build
[1.160s] running build_py
[1.161s] copying new_package/sensor_data.py -> /home/hacker/ros2_fws/build/new_package/build/lib/new_package
[1.163s] running install
[1.163s] running install_lib
[1.167s] copying /home/hacker/ros2_fws/build/new_package/build/lib/new_package/sensor_data.py -> /home/hacker/ros2_fws/install/new_package/lib/python3.10/site-packages/new_package
[1.169s] byte-compiling /home/hacker/ros2_fws/install/new_package/lib/python3.10/site-packages/new_package/sensor_data.py to sensor_data.cpython-310.pyc
[1.169s] running install_data
[1.169s] running install_egg_info
[1.172s] removing '/home/hacker/ros2_fws/install/new_package/lib/python3.10/site-packages/new_package-0.0.0-py3.10.egg-info' (and everything under it)
[1.178s] Copying ../../build/new_package/new_package.egg-info to /home/hacker/ros2_fws/install/new_package/lib/python3.10/site-packages/new_package-0.0.0-py3.10.egg-info
[1.182s] running install_scripts
[1.205s] Installing hello script to /home/hacker/ros2_fws/install/new_package/lib/new_package
[1.208s] Installing sensor_data_publisher script to /home/hacker/ros2_fws/install/new_package/lib/new_package
[1.209s] writing list of installed files to '/home/hacker/ros2_fws/build/new_package/install.log'
[1.260s] Invoked command in '/home/hacker/ros2_fws/src/new_package' returned '0': PYTHONPATH=/home/hacker/ros2_fws/build/new_package/prefix_override:/usr/lib/python3/dist-packages/colcon_core/task/python/colcon_distutils_commands:/home/hacker/ros2_fws/install/new_package/lib/python3.10/site-packages: /usr/bin/python3 -W ignore:setup.py install is deprecated -W ignore:easy_install command is deprecated setup.py egg_info --egg-base ../../build/new_package build --build-base /home/hacker/ros2_fws/build/new_package/build install --record /home/hacker/ros2_fws/build/new_package/install.log --single-version-externally-managed install_data
