[0.933s] Invoking command in '/home/hacker/ros2_fws/src/new_package': PYTHONPATH=/home/hacker/ros2_fws/build/new_package/prefix_override:/usr/lib/python3/dist-packages/colcon_core/task/python/colcon_distutils_commands:/home/hacker/ros2_fws/install/new_package/lib/python3.10/site-packages:${PYTHONPATH} /usr/bin/python3 -W ignore:setup.py install is deprecated -W ignore:easy_install command is deprecated setup.py egg_info --egg-base ../../build/new_package build --build-base /home/hacker/ros2_fws/build/new_package/build install --record /home/hacker/ros2_fws/build/new_package/install.log --single-version-externally-managed install_data
[1.084s] running egg_info
[1.085s] writing ../../build/new_package/new_package.egg-info/PKG-INFO
[1.087s] writing dependency_links to ../../build/new_package/new_package.egg-info/dependency_links.txt
[1.087s] writing entry points to ../../build/new_package/new_package.egg-info/entry_points.txt
[1.087s] writing requirements to ../../build/new_package/new_package.egg-info/requires.txt
[1.087s] writing top-level names to ../../build/new_package/new_package.egg-info/top_level.txt
[1.089s] reading manifest file '../../build/new_package/new_package.egg-info/SOURCES.txt'
[1.090s] adding license file 'LICENSE'
[1.091s] writing manifest file '../../build/new_package/new_package.egg-info/SOURCES.txt'
[1.091s] running build
[1.091s] running build_py
[1.091s] copying new_package/sensor_data_publisher.py -> /home/hacker/ros2_fws/build/new_package/build/lib/new_package
[1.094s] running install
[1.094s] running install_lib
[1.096s] copying /home/hacker/ros2_fws/build/new_package/build/lib/new_package/sensor_data_publisher.py -> /home/hacker/ros2_fws/install/new_package/lib/python3.10/site-packages/new_package
[1.097s] byte-compiling /home/hacker/ros2_fws/install/new_package/lib/python3.10/site-packages/new_package/sensor_data_publisher.py to sensor_data_publisher.cpython-310.pyc
[1.099s] running install_data
[1.100s] running install_egg_info
[1.101s] removing '/home/hacker/ros2_fws/install/new_package/lib/python3.10/site-packages/new_package-0.0.0-py3.10.egg-info' (and everything under it)
[1.104s] Copying ../../build/new_package/new_package.egg-info to /home/hacker/ros2_fws/install/new_package/lib/python3.10/site-packages/new_package-0.0.0-py3.10.egg-info
[1.105s] running install_scripts
[1.128s] Installing hello script to /home/hacker/ros2_fws/install/new_package/lib/new_package
[1.129s] Installing sensor_data_publisher script to /home/hacker/ros2_fws/install/new_package/lib/new_package
[1.129s] Installing servo_call script to /home/hacker/ros2_fws/install/new_package/lib/new_package
[1.130s] Installing subscriber script to /home/hacker/ros2_fws/install/new_package/lib/new_package
[1.130s] writing list of installed files to '/home/hacker/ros2_fws/build/new_package/install.log'
[1.153s] Invoked command in '/home/hacker/ros2_fws/src/new_package' returned '0': PYTHONPATH=/home/hacker/ros2_fws/build/new_package/prefix_override:/usr/lib/python3/dist-packages/colcon_core/task/python/colcon_distutils_commands:/home/hacker/ros2_fws/install/new_package/lib/python3.10/site-packages:${PYTHONPATH} /usr/bin/python3 -W ignore:setup.py install is deprecated -W ignore:easy_install command is deprecated setup.py egg_info --egg-base ../../build/new_package build --build-base /home/hacker/ros2_fws/build/new_package/build install --record /home/hacker/ros2_fws/build/new_package/install.log --single-version-externally-managed install_data
